2	05:00:00.616	STR01_USDJPY_H1 USDJPY,H1: open #68717336 buy 1.00 USDJPY at 138.925 sl: 138.459 ok
2	05:04:59.946	STR01_USDJPY_H1 USDJPY,H1: modify #68717336 buy 1.00 USDJPY at 138.925 sl: 138.925 tp: 0.000 ok
0	05:04:59.946	STR01_USDJPY_H1 USDJPY,H1: [OrderModify Error] : 0 no error
2	05:05:00.587	STR01_USDJPY_H1 USDJPY,H1: modify #68717336 buy 1.00 USDJPY at 138.925 sl: 138.926 tp: 0.000 ok
0	05:05:00.587	STR01_USDJPY_H1 USDJPY,H1: [OrderModify Error] : 0 no error
2	05:05:04.840	STR01_USDJPY_H1 USDJPY,H1: modify #68717336 buy 1.00 USDJPY at 138.925 sl: 138.928 tp: 0.000 ok
0	05:05:04.840	STR01_USDJPY_H1 USDJPY,H1: [OrderModify Error] : 0 no error
2	05:05:05.137	STR01_USDJPY_H1 USDJPY,H1: modify #68717336 buy 1.00 USDJPY at 138.925 sl: 138.929 tp: 0.000 ok
0	05:05:05.137	STR01_USDJPY_H1 USDJPY,H1: [OrderModify Error] : 0 no error
2	05:05:06.341	STR01_USDJPY_H1 USDJPY,H1: modify #68717336 buy 1.00 USDJPY at 138.925 sl: 138.930 tp: 0.000 ok
0	05:05:06.341	STR01_USDJPY_H1 USDJPY,H1: [OrderModify Error] : 0 no error
2	05:09:50.210	STR01_USDJPY_H1 USDJPY,H1: modify #68717336 buy 1.00 USDJPY at 138.925 sl: 138.931 tp: 0.000 ok
0	05:09:50.210	STR01_USDJPY_H1 USDJPY,H1: [OrderModify Error] : 0 no error
2	05:09:50.460	STR01_USDJPY_H1 USDJPY,H1: modify #68717336 buy 1.00 USDJPY at 138.925 sl: 138.932 tp: 0.000 ok
0	05:09:50.460	STR01_USDJPY_H1 USDJPY,H1: [OrderModify Error] : 0 no error
2	05:09:50.710	STR01_USDJPY_H1 USDJPY,H1: modify #68717336 buy 1.00 USDJPY at 138.925 sl: 138.933 tp: 0.000 ok
0	05:09:50.710	STR01_USDJPY_H1 USDJPY,H1: [OrderModify Error] : 0 no error
2	05:09:51.100	STR01_USDJPY_H1 USDJPY,H1: modify #68717336 buy 1.00 USDJPY at 138.925 sl: 138.934 tp: 0.000 ok
0	05:09:51.100	STR01_USDJPY_H1 USDJPY,H1: [OrderModify Error] : 0 no error
2	05:09:53.851	STR01_USDJPY_H1 USDJPY,H1: modify #68717336 buy 1.00 USDJPY at 138.925 sl: 138.936 tp: 0.000 ok
0	05:09:53.851	STR01_USDJPY_H1 USDJPY,H1: [OrderModify Error] : 0 no error
2	05:10:14.368	STR01_USDJPY_H1 USDJPY,H1: modify #68717336 buy 1.00 USDJPY at 138.925 sl: 138.937 tp: 0.000 ok
0	05:10:14.368	STR01_USDJPY_H1 USDJPY,H1: [OrderModify Error] : 0 no error
2	05:10:31.418	STR01_USDJPY_H1 USDJPY,H1: modify #68717336 buy 1.00 USDJPY at 138.925 sl: 138.938 tp: 0.000 ok
0	05:10:31.418	STR01_USDJPY_H1 USDJPY,H1: [OrderModify Error] : 0 no error
2	05:10:31.856	STR01_USDJPY_H1 USDJPY,H1: modify #68717336 buy 1.00 USDJPY at 138.925 sl: 138.939 tp: 0.000 ok
0	05:10:31.856	STR01_USDJPY_H1 USDJPY,H1: [OrderModify Error] : 0 no error
2	05:10:34.421	STR01_USDJPY_H1 USDJPY,H1: modify #68717336 buy 1.00 USDJPY at 138.925 sl: 138.940 tp: 0.000 ok
0	05:10:34.421	STR01_USDJPY_H1 USDJPY,H1: [OrderModify Error] : 0 no error
2	05:12:18.587	STR01_USDJPY_H1 USDJPY,H1: modify #68717336 buy 1.00 USDJPY at 138.925 sl: 138.941 tp: 0.000 ok
0	05:12:18.587	STR01_USDJPY_H1 USDJPY,H1: [OrderModify Error] : 0 no error
2	05:12:18.899	STR01_USDJPY_H1 USDJPY,H1: modify #68717336 buy 1.00 USDJPY at 138.925 sl: 138.942 tp: 0.000 ok
0	05:12:18.899	STR01_USDJPY_H1 USDJPY,H1: [OrderModify Error] : 0 no error
2	05:14:59.166	STR01_USDJPY_H1 USDJPY,H1: modify #68717336 buy 1.00 USDJPY at 138.925 sl: 138.944 tp: 0.000 ok
0	05:14:59.166	STR01_USDJPY_H1 USDJPY,H1: [OrderModify Error] : 0 no error
2	05:15:12.996	STR01_USDJPY_H1 USDJPY,H1: modify #68717336 buy 1.00 USDJPY at 138.925 sl: 138.945 tp: 0.000 ok
0	05:15:12.996	STR01_USDJPY_H1 USDJPY,H1: [OrderModify Error] : 0 no error
2	05:15:14.387	STR01_USDJPY_H1 USDJPY,H1: modify #68717336 buy 1.00 USDJPY at 138.925 sl: 138.946 tp: 0.000 ok
0	05:15:14.387	STR01_USDJPY_H1 USDJPY,H1: [OrderModify Error] : 0 no error
2	05:15:46.675	STR01_USDJPY_H1 USDJPY,H1: modify #68717336 buy 1.00 USDJPY at 138.925 sl: 138.948 tp: 0.000 ok
0	05:15:46.675	STR01_USDJPY_H1 USDJPY,H1: [OrderModify Error] : 0 no error
2	05:16:28.115	STR01_USDJPY_H1 USDJPY,H1: modify #68717336 buy 1.00 USDJPY at 138.925 sl: 138.949 tp: 0.000 ok
0	05:16:28.115	STR01_USDJPY_H1 USDJPY,H1: [OrderModify Error] : 0 no error
2	05:19:37.854	STR01_USDJPY_H1 USDJPY,H1: modify #68717336 buy 1.00 USDJPY at 138.925 sl: 138.950 tp: 0.000 ok
0	05:19:37.854	STR01_USDJPY_H1 USDJPY,H1: [OrderModify Error] : 0 no error
2	05:19:43.449	STR01_USDJPY_H1 USDJPY,H1: modify #68717336 buy 1.00 USDJPY at 138.925 sl: 138.951 tp: 0.000 ok
0	05:19:43.449	STR01_USDJPY_H1 USDJPY,H1: [OrderModify Error] : 0 no error
2	05:32:20.762	STR01_USDJPY_H1 USDJPY,H1: modify #68717336 buy 1.00 USDJPY at 138.925 sl: 138.952 tp: 0.000 ok
0	05:32:20.762	STR01_USDJPY_H1 USDJPY,H1: [OrderModify Error] : 0 no error
2	05:32:21.918	STR01_USDJPY_H1 USDJPY,H1: modify #68717336 buy 1.00 USDJPY at 138.925 sl: 138.953 tp: 0.000 ok
0	05:32:21.918	STR01_USDJPY_H1 USDJPY,H1: [OrderModify Error] : 0 no error
2	05:36:06.059	STR01_USDJPY_H1 USDJPY,H1: modify #68717336 buy 1.00 USDJPY at 138.925 sl: 138.954 tp: 0.000 ok
0	05:36:06.059	STR01_USDJPY_H1 USDJPY,H1: [OrderModify Error] : 0 no error
2	05:36:36.581	STR01_USDJPY_H1 USDJPY,H1: modify #68717336 buy 1.00 USDJPY at 138.925 sl: 138.955 tp: 0.000 ok
0	05:36:36.581	STR01_USDJPY_H1 USDJPY,H1: [OrderModify Error] : 0 no error
2	05:37:54.945	STR01_USDJPY_H1 USDJPY,H1: modify #68717336 buy 1.00 USDJPY at 138.925 sl: 138.956 tp: 0.000 ok
0	05:37:54.945	STR01_USDJPY_H1 USDJPY,H1: [OrderModify Error] : 0 no error
2	05:37:59.555	STR01_USDJPY_H1 USDJPY,H1: modify #68717336 buy 1.00 USDJPY at 138.925 sl: 138.958 tp: 0.000 ok
0	05:37:59.555	STR01_USDJPY_H1 USDJPY,H1: [OrderModify Error] : 0 no error
2	05:38:29.668	STR01_USDJPY_H1 USDJPY,H1: modify #68717336 buy 1.00 USDJPY at 138.925 sl: 138.959 tp: 0.000 ok
0	05:38:29.668	STR01_USDJPY_H1 USDJPY,H1: [OrderModify Error] : 0 no error
2	05:38:33.455	STR01_USDJPY_H1 USDJPY,H1: modify #68717336 buy 1.00 USDJPY at 138.925 sl: 138.961 tp: 0.000 ok
0	05:38:33.455	STR01_USDJPY_H1 USDJPY,H1: [OrderModify Error] : 0 no error
2	05:38:33.751	STR01_USDJPY_H1 USDJPY,H1: modify #68717336 buy 1.00 USDJPY at 138.925 sl: 138.962 tp: 0.000 ok
0	05:38:33.751	STR01_USDJPY_H1 USDJPY,H1: [OrderModify Error] : 0 no error
2	05:38:34.017	STR01_USDJPY_H1 USDJPY,H1: modify #68717336 buy 1.00 USDJPY at 138.925 sl: 138.964 tp: 0.000 ok
0	05:38:34.017	STR01_USDJPY_H1 USDJPY,H1: [OrderModify Error] : 0 no error
2	05:38:37.970	STR01_USDJPY_H1 USDJPY,H1: modify #68717336 buy 1.00 USDJPY at 138.925 sl: 138.967 tp: 0.000 ok
0	05:38:37.970	STR01_USDJPY_H1 USDJPY,H1: [OrderModify Error] : 0 no error
2	05:38:38.283	STR01_USDJPY_H1 USDJPY,H1: modify #68717336 buy 1.00 USDJPY at 138.925 sl: 138.969 tp: 0.000 ok
0	05:38:38.283	STR01_USDJPY_H1 USDJPY,H1: [OrderModify Error] : 0 no error
2	06:10:00.676	STR01_USDJPY_H1 USDJPY,H1: open #68754171 buy 1.00 USDJPY at 138.980 sl: 138.532 ok
2	06:28:26.345	STR01_USDJPY_H1 USDJPY,H1: modify #68754171 buy 1.00 USDJPY at 138.980 sl: 138.982 tp: 0.000 ok
0	06:28:26.345	STR01_USDJPY_H1 USDJPY,H1: [OrderModify Error] : 0 no error
2	06:28:28.627	STR01_USDJPY_H1 USDJPY,H1: modify #68754171 buy 1.00 USDJPY at 138.980 sl: 138.983 tp: 0.000 ok
0	06:28:28.627	STR01_USDJPY_H1 USDJPY,H1: [OrderModify Error] : 0 no error
2	06:28:29.111	STR01_USDJPY_H1 USDJPY,H1: modify #68754171 buy 1.00 USDJPY at 138.980 sl: 138.984 tp: 0.000 ok
0	06:28:29.111	STR01_USDJPY_H1 USDJPY,H1: [OrderModify Error] : 0 no error
2	06:28:34.580	STR01_USDJPY_H1 USDJPY,H1: modify #68754171 buy 1.00 USDJPY at 138.980 sl: 138.989 tp: 0.000 ok
0	06:28:34.580	STR01_USDJPY_H1 USDJPY,H1: [OrderModify Error] : 0 no error
2	06:28:34.830	STR01_USDJPY_H1 USDJPY,H1: modify #68754171 buy 1.00 USDJPY at 138.980 sl: 138.991 tp: 0.000 ok
0	06:28:34.830	STR01_USDJPY_H1 USDJPY,H1: [OrderModify Error] : 0 no error
2	06:28:35.268	STR01_USDJPY_H1 USDJPY,H1: modify #68754171 buy 1.00 USDJPY at 138.980 sl: 138.993 tp: 0.000 ok
0	06:28:35.268	STR01_USDJPY_H1 USDJPY,H1: [OrderModify Error] : 0 no error
2	06:28:36.861	STR01_USDJPY_H1 USDJPY,H1: modify #68754171 buy 1.00 USDJPY at 138.980 sl: 138.999 tp: 0.000 ok
0	06:28:36.861	STR01_USDJPY_H1 USDJPY,H1: [OrderModify Error] : 0 no error
0	07:00:00.744	STR01_USDJPY_H1 USDJPY,H1: [OrderSend Error] : 138 requote
0	07:00:00.853	STR01_USDJPY_H1 USDJPY,H1: [OrderSend Error] : 129 invalid price
2	09:00:00.773	STR01_USDJPY_H1 USDJPY,H1: open #68758179 buy 1.00 USDJPY at 139.344 sl: 138.916 ok
2	09:01:49.431	STR01_USDJPY_H1 USDJPY,H1: modify #68758179 buy 1.00 USDJPY at 139.344 sl: 139.344 tp: 0.000 ok
0	09:01:49.431	STR01_USDJPY_H1 USDJPY,H1: [OrderModify Error] : 0 no error
2	10:00:00.755	STR01_USDJPY_H1 USDJPY,H1: open #68761788 buy 1.00 USDJPY at 139.475 sl: 139.031 ok
2	10:30:56.743	STR01_USDJPY_H1 USDJPY,H1: modify #68761788 buy 1.00 USDJPY at 139.475 sl: 139.475 tp: 0.000 ok
0	10:30:56.743	STR01_USDJPY_H1 USDJPY,H1: [OrderModify Error] : 0 no error
2	10:30:57.213	STR01_USDJPY_H1 USDJPY,H1: modify #68761788 buy 1.00 USDJPY at 139.475 sl: 139.478 tp: 0.000 ok
0	10:30:57.213	STR01_USDJPY_H1 USDJPY,H1: [OrderModify Error] : 0 no error
2	10:30:57.509	STR01_USDJPY_H1 USDJPY,H1: modify #68761788 buy 1.00 USDJPY at 139.475 sl: 139.479 tp: 0.000 ok
0	10:30:57.509	STR01_USDJPY_H1 USDJPY,H1: [OrderModify Error] : 0 no error
2	10:30:57.838	STR01_USDJPY_H1 USDJPY,H1: modify #68761788 buy 1.00 USDJPY at 139.475 sl: 139.480 tp: 0.000 ok
0	10:30:57.838	STR01_USDJPY_H1 USDJPY,H1: [OrderModify Error] : 0 no error
2	10:30:58.900	STR01_USDJPY_H1 USDJPY,H1: modify #68761788 buy 1.00 USDJPY at 139.475 sl: 139.482 tp: 0.000 ok
0	10:30:58.900	STR01_USDJPY_H1 USDJPY,H1: [OrderModify Error] : 0 no error
2	10:30:59.138	STR01_USDJPY_H1 USDJPY,H1: modify #68761788 buy 1.00 USDJPY at 139.475 sl: 139.496 tp: 0.000 ok
0	10:30:59.138	STR01_USDJPY_H1 USDJPY,H1: [OrderModify Error] : 0 no error
2	10:30:59.478	STR01_USDJPY_H1 USDJPY,H1: modify #68761788 buy 1.00 USDJPY at 139.475 sl: 139.507 tp: 0.000 ok
0	10:30:59.478	STR01_USDJPY_H1 USDJPY,H1: [OrderModify Error] : 0 no error
2	10:30:59.806	STR01_USDJPY_H1 USDJPY,H1: modify #68761788 buy 1.00 USDJPY at 139.475 sl: 139.509 tp: 0.000 ok
0	10:30:59.806	STR01_USDJPY_H1 USDJPY,H1: [OrderModify Error] : 0 no error
2	10:31:29.858	STR01_USDJPY_H1 USDJPY,H1: modify #68761788 buy 1.00 USDJPY at 139.475 sl: 139.510 tp: 0.000 ok
0	10:31:29.858	STR01_USDJPY_H1 USDJPY,H1: [OrderModify Error] : 0 no error
2	10:31:30.171	STR01_USDJPY_H1 USDJPY,H1: modify #68761788 buy 1.00 USDJPY at 139.475 sl: 139.514 tp: 0.000 ok
0	10:31:30.171	STR01_USDJPY_H1 USDJPY,H1: [OrderModify Error] : 0 no error
2	10:31:30.405	STR01_USDJPY_H1 USDJPY,H1: modify #68761788 buy 1.00 USDJPY at 139.475 sl: 139.519 tp: 0.000 ok
0	10:31:30.405	STR01_USDJPY_H1 USDJPY,H1: [OrderModify Error] : 0 no error
2	10:31:30.718	STR01_USDJPY_H1 USDJPY,H1: modify #68761788 buy 1.00 USDJPY at 139.475 sl: 139.524 tp: 0.000 ok
0	10:31:30.718	STR01_USDJPY_H1 USDJPY,H1: [OrderModify Error] : 0 no error
2	10:31:32.923	STR01_USDJPY_H1 USDJPY,H1: modify #68761788 buy 1.00 USDJPY at 139.475 sl: 139.525 tp: 0.000 ok
0	10:31:32.923	STR01_USDJPY_H1 USDJPY,H1: [OrderModify Error] : 0 no error
2	10:31:33.220	STR01_USDJPY_H1 USDJPY,H1: modify #68761788 buy 1.00 USDJPY at 139.475 sl: 139.526 tp: 0.000 ok
0	10:31:33.220	STR01_USDJPY_H1 USDJPY,H1: [OrderModify Error] : 0 no error
2	10:31:36.439	STR01_USDJPY_H1 USDJPY,H1: modify #68761788 buy 1.00 USDJPY at 139.475 sl: 139.527 tp: 0.000 ok
0	10:31:36.439	STR01_USDJPY_H1 USDJPY,H1: [OrderModify Error] : 0 no error
2	10:31:50.925	STR01_USDJPY_H1 USDJPY,H1: modify #68761788 buy 1.00 USDJPY at 139.475 sl: 139.529 tp: 0.000 ok
0	10:31:50.925	STR01_USDJPY_H1 USDJPY,H1: [OrderModify Error] : 0 no error
2	10:31:51.378	STR01_USDJPY_H1 USDJPY,H1: modify #68761788 buy 1.00 USDJPY at 139.475 sl: 139.530 tp: 0.000 ok
0	10:31:51.378	STR01_USDJPY_H1 USDJPY,H1: [OrderModify Error] : 0 no error
2	10:31:51.878	STR01_USDJPY_H1 USDJPY,H1: modify #68761788 buy 1.00 USDJPY at 139.475 sl: 139.532 tp: 0.000 ok
0	10:31:51.878	STR01_USDJPY_H1 USDJPY,H1: [OrderModify Error] : 0 no error
2	10:31:56.569	STR01_USDJPY_H1 USDJPY,H1: modify #68761788 buy 1.00 USDJPY at 139.475 sl: 139.533 tp: 0.000 ok
0	10:31:56.569	STR01_USDJPY_H1 USDJPY,H1: [OrderModify Error] : 0 no error
2	10:31:56.850	STR01_USDJPY_H1 USDJPY,H1: modify #68761788 buy 1.00 USDJPY at 139.475 sl: 139.534 tp: 0.000 ok
0	10:31:56.850	STR01_USDJPY_H1 USDJPY,H1: [OrderModify Error] : 0 no error
2	10:32:01.009	STR01_USDJPY_H1 USDJPY,H1: modify #68761788 buy 1.00 USDJPY at 139.475 sl: 139.535 tp: 0.000 ok
0	10:32:01.009	STR01_USDJPY_H1 USDJPY,H1: [OrderModify Error] : 0 no error
2	10:32:01.493	STR01_USDJPY_H1 USDJPY,H1: modify #68761788 buy 1.00 USDJPY at 139.475 sl: 139.536 tp: 0.000 ok
0	10:32:01.493	STR01_USDJPY_H1 USDJPY,H1: [OrderModify Error] : 0 no error
2	10:32:01.793	STR01_USDJPY_H1 USDJPY,H1: modify #68761788 buy 1.00 USDJPY at 139.475 sl: 139.540 tp: 0.000 ok
0	10:32:01.793	STR01_USDJPY_H1 USDJPY,H1: [OrderModify Error] : 0 no error
2	10:32:02.057	STR01_USDJPY_H1 USDJPY,H1: modify #68761788 buy 1.00 USDJPY at 139.475 sl: 139.542 tp: 0.000 ok
0	10:32:02.057	STR01_USDJPY_H1 USDJPY,H1: [OrderModify Error] : 0 no error
2	10:32:03.682	STR01_USDJPY_H1 USDJPY,H1: modify #68761788 buy 1.00 USDJPY at 139.475 sl: 139.544 tp: 0.000 ok
0	10:32:03.682	STR01_USDJPY_H1 USDJPY,H1: [OrderModify Error] : 0 no error
2	10:32:03.947	STR01_USDJPY_H1 USDJPY,H1: modify #68761788 buy 1.00 USDJPY at 139.475 sl: 139.545 tp: 0.000 ok
0	10:32:03.947	STR01_USDJPY_H1 USDJPY,H1: [OrderModify Error] : 0 no error
2	10:32:04.244	STR01_USDJPY_H1 USDJPY,H1: modify #68761788 buy 1.00 USDJPY at 139.475 sl: 139.548 tp: 0.000 ok
0	10:32:04.244	STR01_USDJPY_H1 USDJPY,H1: [OrderModify Error] : 0 no error
2	10:32:04.541	STR01_USDJPY_H1 USDJPY,H1: modify #68761788 buy 1.00 USDJPY at 139.475 sl: 139.557 tp: 0.000 ok
0	10:32:04.541	STR01_USDJPY_H1 USDJPY,H1: [OrderModify Error] : 0 no error
2	10:32:04.885	STR01_USDJPY_H1 USDJPY,H1: modify #68761788 buy 1.00 USDJPY at 139.475 sl: 139.564 tp: 0.000 ok
0	10:32:04.885	STR01_USDJPY_H1 USDJPY,H1: [OrderModify Error] : 0 no error
2	10:32:07.249	STR01_USDJPY_H1 USDJPY,H1: modify #68761788 buy 1.00 USDJPY at 139.475 sl: 139.565 tp: 0.000 ok
0	10:32:07.249	STR01_USDJPY_H1 USDJPY,H1: [OrderModify Error] : 0 no error
2	10:32:07.561	STR01_USDJPY_H1 USDJPY,H1: modify #68761788 buy 1.00 USDJPY at 139.475 sl: 139.582 tp: 0.000 ok
0	10:32:07.561	STR01_USDJPY_H1 USDJPY,H1: [OrderModify Error] : 0 no error
2	10:32:07.811	STR01_USDJPY_H1 USDJPY,H1: modify #68761788 buy 1.00 USDJPY at 139.475 sl: 139.621 tp: 0.000 ok
0	10:32:07.811	STR01_USDJPY_H1 USDJPY,H1: [OrderModify Error] : 0 no error
2	10:32:13.162	STR01_USDJPY_H1 USDJPY,H1: modify #68761788 buy 1.00 USDJPY at 139.475 sl: 139.623 tp: 0.000 ok
0	10:32:13.162	STR01_USDJPY_H1 USDJPY,H1: [OrderModify Error] : 0 no error
2	10:32:13.412	STR01_USDJPY_H1 USDJPY,H1: modify #68761788 buy 1.00 USDJPY at 139.475 sl: 139.626 tp: 0.000 ok
0	10:32:13.412	STR01_USDJPY_H1 USDJPY,H1: [OrderModify Error] : 0 no error
2	10:32:14.068	STR01_USDJPY_H1 USDJPY,H1: modify #68761788 buy 1.00 USDJPY at 139.475 sl: 139.627 tp: 0.000 ok
0	10:32:14.068	STR01_USDJPY_H1 USDJPY,H1: [OrderModify Error] : 0 no error
2	10:32:14.396	STR01_USDJPY_H1 USDJPY,H1: modify #68761788 buy 1.00 USDJPY at 139.475 sl: 139.639 tp: 0.000 ok
0	10:32:14.396	STR01_USDJPY_H1 USDJPY,H1: [OrderModify Error] : 0 no error
2	10:32:15.100	STR01_USDJPY_H1 USDJPY,H1: modify #68761788 buy 1.00 USDJPY at 139.475 sl: 139.640 tp: 0.000 ok
0	10:32:15.100	STR01_USDJPY_H1 USDJPY,H1: [OrderModify Error] : 0 no error
2	10:32:15.427	STR01_USDJPY_H1 USDJPY,H1: modify #68761788 buy 1.00 USDJPY at 139.475 sl: 139.644 tp: 0.000 ok
0	10:32:15.427	STR01_USDJPY_H1 USDJPY,H1: [OrderModify Error] : 0 no error
2	10:32:17.929	STR01_USDJPY_H1 USDJPY,H1: modify #68761788 buy 1.00 USDJPY at 139.475 sl: 139.646 tp: 0.000 ok
0	10:32:17.929	STR01_USDJPY_H1 USDJPY,H1: [OrderModify Error] : 0 no error
2	10:32:18.257	STR01_USDJPY_H1 USDJPY,H1: modify #68761788 buy 1.00 USDJPY at 139.475 sl: 139.653 tp: 0.000 ok
0	10:32:18.257	STR01_USDJPY_H1 USDJPY,H1: [OrderModify Error] : 0 no error
