0	07:00:00.652	STR01_USDJPY_H1 USDJPY,H1: [OrderSend Error] : 138 requote
0	07:00:00.762	STR01_USDJPY_H1 USDJPY,H1: [OrderSend Error] : 129 invalid price
2	08:00:00.831	STR01_USDJPY_H1 USDJPY,H1: open #68521446 buy 1.00 USDJPY at 137.877 sl: 137.239 ok
2	08:04:31.341	STR01_USDJPY_H1 USDJPY,H1: modify #68521446 buy 1.00 USDJPY at 137.877 sl: 137.877 tp: 0.000 ok
0	08:04:31.341	STR01_USDJPY_H1 USDJPY,H1: [OrderModify Error] : 0 no error
2	08:04:31.669	STR01_USDJPY_H1 USDJPY,H1: modify #68521446 buy 1.00 USDJPY at 137.877 sl: 137.878 tp: 0.000 ok
0	08:04:31.669	STR01_USDJPY_H1 USDJPY,H1: [OrderModify Error] : 0 no error
2	08:04:31.951	STR01_USDJPY_H1 USDJPY,H1: modify #68521446 buy 1.00 USDJPY at 137.877 sl: 137.879 tp: 0.000 ok
0	08:04:31.951	STR01_USDJPY_H1 USDJPY,H1: [OrderModify Error] : 0 no error
2	08:04:32.279	STR01_USDJPY_H1 USDJPY,H1: modify #68521446 buy 1.00 USDJPY at 137.877 sl: 137.880 tp: 0.000 ok
0	08:04:32.279	STR01_USDJPY_H1 USDJPY,H1: [OrderModify Error] : 0 no error
2	08:04:32.966	STR01_USDJPY_H1 USDJPY,H1: modify #68521446 buy 1.00 USDJPY at 137.877 sl: 137.883 tp: 0.000 ok
0	08:04:32.966	STR01_USDJPY_H1 USDJPY,H1: [OrderModify Error] : 0 no error
2	08:04:35.857	STR01_USDJPY_H1 USDJPY,H1: modify #68521446 buy 1.00 USDJPY at 137.877 sl: 137.884 tp: 0.000 ok
0	08:04:35.857	STR01_USDJPY_H1 USDJPY,H1: [OrderModify Error] : 0 no error
2	08:04:36.169	STR01_USDJPY_H1 USDJPY,H1: modify #68521446 buy 1.00 USDJPY at 137.877 sl: 137.890 tp: 0.000 ok
0	08:04:36.169	STR01_USDJPY_H1 USDJPY,H1: [OrderModify Error] : 0 no error
2	08:04:36.482	STR01_USDJPY_H1 USDJPY,H1: modify #68521446 buy 1.00 USDJPY at 137.877 sl: 137.895 tp: 0.000 ok
0	08:04:36.482	STR01_USDJPY_H1 USDJPY,H1: [OrderModify Error] : 0 no error
2	08:04:37.123	STR01_USDJPY_H1 USDJPY,H1: modify #68521446 buy 1.00 USDJPY at 137.877 sl: 137.896 tp: 0.000 ok
0	08:04:37.123	STR01_USDJPY_H1 USDJPY,H1: [OrderModify Error] : 0 no error
2	08:04:40.764	STR01_USDJPY_H1 USDJPY,H1: modify #68521446 buy 1.00 USDJPY at 137.877 sl: 137.898 tp: 0.000 ok
0	08:04:40.764	STR01_USDJPY_H1 USDJPY,H1: [OrderModify Error] : 0 no error
2	08:04:41.155	STR01_USDJPY_H1 USDJPY,H1: modify #68521446 buy 1.00 USDJPY at 137.877 sl: 137.899 tp: 0.000 ok
0	08:04:41.155	STR01_USDJPY_H1 USDJPY,H1: [OrderModify Error] : 0 no error
2	08:04:42.281	STR01_USDJPY_H1 USDJPY,H1: modify #68521446 buy 1.00 USDJPY at 137.877 sl: 137.900 tp: 0.000 ok
0	08:04:42.281	STR01_USDJPY_H1 USDJPY,H1: [OrderModify Error] : 0 no error
2	08:04:42.781	STR01_USDJPY_H1 USDJPY,H1: modify #68521446 buy 1.00 USDJPY at 137.877 sl: 137.901 tp: 0.000 ok
0	08:04:42.781	STR01_USDJPY_H1 USDJPY,H1: [OrderModify Error] : 0 no error
2	08:04:45.422	STR01_USDJPY_H1 USDJPY,H1: modify #68521446 buy 1.00 USDJPY at 137.877 sl: 137.902 tp: 0.000 ok
0	08:04:45.422	STR01_USDJPY_H1 USDJPY,H1: [OrderModify Error] : 0 no error
2	08:04:46.719	STR01_USDJPY_H1 USDJPY,H1: modify #68521446 buy 1.00 USDJPY at 137.877 sl: 137.903 tp: 0.000 ok
0	08:04:46.719	STR01_USDJPY_H1 USDJPY,H1: [OrderModify Error] : 0 no error
2	08:06:57.641	STR01_USDJPY_H1 USDJPY,H1: modify #68521446 buy 1.00 USDJPY at 137.877 sl: 137.904 tp: 0.000 ok
0	08:06:57.641	STR01_USDJPY_H1 USDJPY,H1: [OrderModify Error] : 0 no error
2	08:07:00.892	STR01_USDJPY_H1 USDJPY,H1: modify #68521446 buy 1.00 USDJPY at 137.877 sl: 137.905 tp: 0.000 ok
0	08:07:00.892	STR01_USDJPY_H1 USDJPY,H1: [OrderModify Error] : 0 no error
2	08:07:01.142	STR01_USDJPY_H1 USDJPY,H1: modify #68521446 buy 1.00 USDJPY at 137.877 sl: 137.906 tp: 0.000 ok
0	08:07:01.142	STR01_USDJPY_H1 USDJPY,H1: [OrderModify Error] : 0 no error
2	08:07:02.175	STR01_USDJPY_H1 USDJPY,H1: modify #68521446 buy 1.00 USDJPY at 137.877 sl: 137.908 tp: 0.000 ok
0	08:07:02.175	STR01_USDJPY_H1 USDJPY,H1: [OrderModify Error] : 0 no error
2	08:10:31.636	STR01_USDJPY_H1 USDJPY,H1: modify #68521446 buy 1.00 USDJPY at 137.877 sl: 137.909 tp: 0.000 ok
0	08:10:31.636	STR01_USDJPY_H1 USDJPY,H1: [OrderModify Error] : 0 no error
2	08:10:58.957	STR01_USDJPY_H1 USDJPY,H1: modify #68521446 buy 1.00 USDJPY at 137.877 sl: 137.911 tp: 0.000 ok
0	08:10:58.957	STR01_USDJPY_H1 USDJPY,H1: [OrderModify Error] : 0 no error
2	08:10:59.239	STR01_USDJPY_H1 USDJPY,H1: modify #68521446 buy 1.00 USDJPY at 137.877 sl: 137.914 tp: 0.000 ok
0	08:10:59.239	STR01_USDJPY_H1 USDJPY,H1: [OrderModify Error] : 0 no error
2	08:11:00.632	STR01_USDJPY_H1 USDJPY,H1: modify #68521446 buy 1.00 USDJPY at 137.877 sl: 137.915 tp: 0.000 ok
0	08:11:00.632	STR01_USDJPY_H1 USDJPY,H1: [OrderModify Error] : 0 no error
2	08:11:03.211	STR01_USDJPY_H1 USDJPY,H1: modify #68521446 buy 1.00 USDJPY at 137.877 sl: 137.917 tp: 0.000 ok
0	08:11:03.211	STR01_USDJPY_H1 USDJPY,H1: [OrderModify Error] : 0 no error
2	08:11:08.415	STR01_USDJPY_H1 USDJPY,H1: modify #68521446 buy 1.00 USDJPY at 137.877 sl: 137.918 tp: 0.000 ok
0	08:11:08.415	STR01_USDJPY_H1 USDJPY,H1: [OrderModify Error] : 0 no error
2	08:11:09.229	STR01_USDJPY_H1 USDJPY,H1: modify #68521446 buy 1.00 USDJPY at 137.877 sl: 137.919 tp: 0.000 ok
0	08:11:09.229	STR01_USDJPY_H1 USDJPY,H1: [OrderModify Error] : 0 no error
2	08:11:11.261	STR01_USDJPY_H1 USDJPY,H1: modify #68521446 buy 1.00 USDJPY at 137.877 sl: 137.920 tp: 0.000 ok
0	08:11:11.261	STR01_USDJPY_H1 USDJPY,H1: [OrderModify Error] : 0 no error
2	08:11:12.105	STR01_USDJPY_H1 USDJPY,H1: modify #68521446 buy 1.00 USDJPY at 137.877 sl: 137.921 tp: 0.000 ok
0	08:11:12.105	STR01_USDJPY_H1 USDJPY,H1: [OrderModify Error] : 0 no error
2	08:11:12.418	STR01_USDJPY_H1 USDJPY,H1: modify #68521446 buy 1.00 USDJPY at 137.877 sl: 137.923 tp: 0.000 ok
0	08:11:12.418	STR01_USDJPY_H1 USDJPY,H1: [OrderModify Error] : 0 no error
2	08:11:13.513	STR01_USDJPY_H1 USDJPY,H1: modify #68521446 buy 1.00 USDJPY at 137.877 sl: 137.924 tp: 0.000 ok
0	08:11:13.513	STR01_USDJPY_H1 USDJPY,H1: [OrderModify Error] : 0 no error
2	08:11:14.403	STR01_USDJPY_H1 USDJPY,H1: modify #68521446 buy 1.00 USDJPY at 137.877 sl: 137.926 tp: 0.000 ok
0	08:11:14.403	STR01_USDJPY_H1 USDJPY,H1: [OrderModify Error] : 0 no error
2	08:11:14.856	STR01_USDJPY_H1 USDJPY,H1: modify #68521446 buy 1.00 USDJPY at 137.877 sl: 137.927 tp: 0.000 ok
0	08:11:14.856	STR01_USDJPY_H1 USDJPY,H1: [OrderModify Error] : 0 no error
2	08:11:15.294	STR01_USDJPY_H1 USDJPY,H1: modify #68521446 buy 1.00 USDJPY at 137.877 sl: 137.928 tp: 0.000 ok
0	08:11:15.294	STR01_USDJPY_H1 USDJPY,H1: [OrderModify Error] : 0 no error
2	08:11:15.591	STR01_USDJPY_H1 USDJPY,H1: modify #68521446 buy 1.00 USDJPY at 137.877 sl: 137.929 tp: 0.000 ok
0	08:11:15.591	STR01_USDJPY_H1 USDJPY,H1: [OrderModify Error] : 0 no error
2	08:11:16.075	STR01_USDJPY_H1 USDJPY,H1: modify #68521446 buy 1.00 USDJPY at 137.877 sl: 137.931 tp: 0.000 ok
0	08:11:16.075	STR01_USDJPY_H1 USDJPY,H1: [OrderModify Error] : 0 no error
2	08:12:08.108	STR01_USDJPY_H1 USDJPY,H1: modify #68521446 buy 1.00 USDJPY at 137.877 sl: 137.934 tp: 0.000 ok
0	08:12:08.108	STR01_USDJPY_H1 USDJPY,H1: [OrderModify Error] : 0 no error
2	08:12:10.391	STR01_USDJPY_H1 USDJPY,H1: modify #68521446 buy 1.00 USDJPY at 137.877 sl: 137.935 tp: 0.000 ok
0	08:12:10.391	STR01_USDJPY_H1 USDJPY,H1: [OrderModify Error] : 0 no error
2	08:14:04.633	STR01_USDJPY_H1 USDJPY,H1: modify #68521446 buy 1.00 USDJPY at 137.877 sl: 137.936 tp: 0.000 ok
0	08:14:04.633	STR01_USDJPY_H1 USDJPY,H1: [OrderModify Error] : 0 no error
2	08:14:08.305	STR01_USDJPY_H1 USDJPY,H1: modify #68521446 buy 1.00 USDJPY at 137.877 sl: 137.937 tp: 0.000 ok
0	08:14:08.305	STR01_USDJPY_H1 USDJPY,H1: [OrderModify Error] : 0 no error
2	08:14:38.737	STR01_USDJPY_H1 USDJPY,H1: modify #68521446 buy 1.00 USDJPY at 137.877 sl: 137.939 tp: 0.000 ok
0	08:14:38.737	STR01_USDJPY_H1 USDJPY,H1: [OrderModify Error] : 0 no error
2	08:14:39.456	STR01_USDJPY_H1 USDJPY,H1: modify #68521446 buy 1.00 USDJPY at 137.877 sl: 137.940 tp: 0.000 ok
0	08:14:39.456	STR01_USDJPY_H1 USDJPY,H1: [OrderModify Error] : 0 no error
2	08:14:42.065	STR01_USDJPY_H1 USDJPY,H1: modify #68521446 buy 1.00 USDJPY at 137.877 sl: 137.943 tp: 0.000 ok
0	08:14:42.065	STR01_USDJPY_H1 USDJPY,H1: [OrderModify Error] : 0 no error
2	08:14:43.440	STR01_USDJPY_H1 USDJPY,H1: modify #68521446 buy 1.00 USDJPY at 137.877 sl: 137.944 tp: 0.000 ok
0	08:14:43.440	STR01_USDJPY_H1 USDJPY,H1: [OrderModify Error] : 0 no error
2	08:14:43.799	STR01_USDJPY_H1 USDJPY,H1: modify #68521446 buy 1.00 USDJPY at 137.877 sl: 137.945 tp: 0.000 ok
0	08:14:43.799	STR01_USDJPY_H1 USDJPY,H1: [OrderModify Error] : 0 no error
2	08:15:18.073	STR01_USDJPY_H1 USDJPY,H1: modify #68521446 buy 1.00 USDJPY at 137.877 sl: 137.946 tp: 0.000 ok
0	08:15:18.073	STR01_USDJPY_H1 USDJPY,H1: [OrderModify Error] : 0 no error
2	08:15:28.515	STR01_USDJPY_H1 USDJPY,H1: modify #68521446 buy 1.00 USDJPY at 137.877 sl: 137.947 tp: 0.000 ok
0	08:15:28.515	STR01_USDJPY_H1 USDJPY,H1: [OrderModify Error] : 0 no error
2	08:15:34.302	STR01_USDJPY_H1 USDJPY,H1: modify #68521446 buy 1.00 USDJPY at 137.877 sl: 137.948 tp: 0.000 ok
0	08:15:34.302	STR01_USDJPY_H1 USDJPY,H1: [OrderModify Error] : 0 no error
2	08:15:34.896	STR01_USDJPY_H1 USDJPY,H1: modify #68521446 buy 1.00 USDJPY at 137.877 sl: 137.949 tp: 0.000 ok
0	08:15:34.896	STR01_USDJPY_H1 USDJPY,H1: [OrderModify Error] : 0 no error
2	08:15:38.271	STR01_USDJPY_H1 USDJPY,H1: modify #68521446 buy 1.00 USDJPY at 137.877 sl: 137.950 tp: 0.000 ok
0	08:15:38.271	STR01_USDJPY_H1 USDJPY,H1: [OrderModify Error] : 0 no error
2	08:15:38.599	STR01_USDJPY_H1 USDJPY,H1: modify #68521446 buy 1.00 USDJPY at 137.877 sl: 137.951 tp: 0.000 ok
0	08:15:38.599	STR01_USDJPY_H1 USDJPY,H1: [OrderModify Error] : 0 no error
2	08:21:09.204	STR01_USDJPY_H1 USDJPY,H1: modify #68521446 buy 1.00 USDJPY at 137.877 sl: 137.953 tp: 0.000 ok
0	08:21:09.204	STR01_USDJPY_H1 USDJPY,H1: [OrderModify Error] : 0 no error
2	08:21:09.501	STR01_USDJPY_H1 USDJPY,H1: modify #68521446 buy 1.00 USDJPY at 137.877 sl: 137.955 tp: 0.000 ok
0	08:21:09.501	STR01_USDJPY_H1 USDJPY,H1: [OrderModify Error] : 0 no error
2	08:21:09.797	STR01_USDJPY_H1 USDJPY,H1: modify #68521446 buy 1.00 USDJPY at 137.877 sl: 137.993 tp: 0.000 ok
0	08:21:09.797	STR01_USDJPY_H1 USDJPY,H1: [OrderModify Error] : 0 no error
2	08:21:10.079	STR01_USDJPY_H1 USDJPY,H1: modify #68521446 buy 1.00 USDJPY at 137.877 sl: 138.025 tp: 0.000 ok
0	08:21:10.079	STR01_USDJPY_H1 USDJPY,H1: [OrderModify Error] : 0 no error
2	08:21:10.392	STR01_USDJPY_H1 USDJPY,H1: modify #68521446 buy 1.00 USDJPY at 137.877 sl: 138.029 tp: 0.000 ok
0	08:21:10.392	STR01_USDJPY_H1 USDJPY,H1: [OrderModify Error] : 0 no error
2	08:21:10.689	STR01_USDJPY_H1 USDJPY,H1: modify #68521446 buy 1.00 USDJPY at 137.877 sl: 138.037 tp: 0.000 ok
0	08:21:10.689	STR01_USDJPY_H1 USDJPY,H1: [OrderModify Error] : 0 no error
2	08:21:10.939	STR01_USDJPY_H1 USDJPY,H1: modify #68521446 buy 1.00 USDJPY at 137.877 sl: 138.048 tp: 0.000 ok
0	08:21:10.939	STR01_USDJPY_H1 USDJPY,H1: [OrderModify Error] : 0 no error
2	09:00:00.760	STR01_USDJPY_H1 USDJPY,H1: open #68524007 buy 1.00 USDJPY at 138.170 sl: 137.494 ok
2	09:04:30.188	STR01_USDJPY_H1 USDJPY,H1: modify #68524007 buy 1.00 USDJPY at 138.170 sl: 138.174 tp: 0.000 ok
0	09:04:30.188	STR01_USDJPY_H1 USDJPY,H1: [OrderModify Error] : 0 no error
2	09:04:33.032	STR01_USDJPY_H1 USDJPY,H1: modify #68524007 buy 1.00 USDJPY at 138.170 sl: 138.175 tp: 0.000 ok
0	09:04:33.032	STR01_USDJPY_H1 USDJPY,H1: [OrderModify Error] : 0 no error
2	09:04:37.907	STR01_USDJPY_H1 USDJPY,H1: modify #68524007 buy 1.00 USDJPY at 138.170 sl: 138.180 tp: 0.000 ok
0	09:04:37.907	STR01_USDJPY_H1 USDJPY,H1: [OrderModify Error] : 0 no error
2	09:04:38.580	STR01_USDJPY_H1 USDJPY,H1: modify #68524007 buy 1.00 USDJPY at 138.170 sl: 138.181 tp: 0.000 ok
0	09:04:38.580	STR01_USDJPY_H1 USDJPY,H1: [OrderModify Error] : 0 no error
2	10:00:00.732	STR01_USDJPY_H1 USDJPY,H1: open #68526897 buy 1.00 USDJPY at 138.383 sl: 137.685 ok
2	10:24:27.730	STR01_USDJPY_H1 USDJPY,H1: modify #68526897 buy 1.00 USDJPY at 138.383 sl: 138.383 tp: 0.000 ok
0	10:24:27.730	STR01_USDJPY_H1 USDJPY,H1: [OrderModify Error] : 0 no error
2	10:24:33.795	STR01_USDJPY_H1 USDJPY,H1: modify #68526897 buy 1.00 USDJPY at 138.383 sl: 138.384 tp: 0.000 ok
0	10:24:33.795	STR01_USDJPY_H1 USDJPY,H1: [OrderModify Error] : 0 no error
2	10:24:35.011	STR01_USDJPY_H1 USDJPY,H1: modify #68526897 buy 1.00 USDJPY at 138.383 sl: 138.385 tp: 0.000 ok
0	10:24:35.011	STR01_USDJPY_H1 USDJPY,H1: [OrderModify Error] : 0 no error
2	10:24:35.809	STR01_USDJPY_H1 USDJPY,H1: modify #68526897 buy 1.00 USDJPY at 138.383 sl: 138.387 tp: 0.000 ok
0	10:24:35.809	STR01_USDJPY_H1 USDJPY,H1: [OrderModify Error] : 0 no error
2	10:24:36.059	STR01_USDJPY_H1 USDJPY,H1: modify #68526897 buy 1.00 USDJPY at 138.383 sl: 138.393 tp: 0.000 ok
0	10:24:36.059	STR01_USDJPY_H1 USDJPY,H1: [OrderModify Error] : 0 no error
2	10:25:32.345	STR01_USDJPY_H1 USDJPY,H1: modify #68526897 buy 1.00 USDJPY at 138.383 sl: 138.394 tp: 0.000 ok
0	10:25:32.345	STR01_USDJPY_H1 USDJPY,H1: [OrderModify Error] : 0 no error
2	10:25:32.642	STR01_USDJPY_H1 USDJPY,H1: modify #68526897 buy 1.00 USDJPY at 138.383 sl: 138.395 tp: 0.000 ok
0	10:25:32.642	STR01_USDJPY_H1 USDJPY,H1: [OrderModify Error] : 0 no error
2	10:25:32.907	STR01_USDJPY_H1 USDJPY,H1: modify #68526897 buy 1.00 USDJPY at 138.383 sl: 138.396 tp: 0.000 ok
0	10:25:32.907	STR01_USDJPY_H1 USDJPY,H1: [OrderModify Error] : 0 no error
2	10:26:22.139	STR01_USDJPY_H1 USDJPY,H1: modify #68526897 buy 1.00 USDJPY at 138.383 sl: 138.399 tp: 0.000 ok
0	10:26:22.139	STR01_USDJPY_H1 USDJPY,H1: [OrderModify Error] : 0 no error
2	10:26:32.377	STR01_USDJPY_H1 USDJPY,H1: modify #68526897 buy 1.00 USDJPY at 138.383 sl: 138.401 tp: 0.000 ok
0	10:26:32.377	STR01_USDJPY_H1 USDJPY,H1: [OrderModify Error] : 0 no error
2	10:26:32.689	STR01_USDJPY_H1 USDJPY,H1: modify #68526897 buy 1.00 USDJPY at 138.383 sl: 138.425 tp: 0.000 ok
0	10:26:32.689	STR01_USDJPY_H1 USDJPY,H1: [OrderModify Error] : 0 no error
2	11:00:00.843	STR01_USDJPY_H1 USDJPY,H1: open #68529140 buy 1.00 USDJPY at 138.513 sl: 137.780 ok
2	11:03:48.283	STR01_USDJPY_H1 USDJPY,H1: modify #68529140 buy 1.00 USDJPY at 138.513 sl: 138.513 tp: 0.000 ok
0	11:03:48.283	STR01_USDJPY_H1 USDJPY,H1: [OrderModify Error] : 0 no error
2	11:04:07.885	STR01_USDJPY_H1 USDJPY,H1: modify #68529140 buy 1.00 USDJPY at 138.513 sl: 138.514 tp: 0.000 ok
0	11:04:07.885	STR01_USDJPY_H1 USDJPY,H1: [OrderModify Error] : 0 no error
2	11:04:08.197	STR01_USDJPY_H1 USDJPY,H1: modify #68529140 buy 1.00 USDJPY at 138.513 sl: 138.515 tp: 0.000 ok
0	11:04:08.197	STR01_USDJPY_H1 USDJPY,H1: [OrderModify Error] : 0 no error
2	11:08:41.605	STR01_USDJPY_H1 USDJPY,H1: modify #68529140 buy 1.00 USDJPY at 138.513 sl: 138.516 tp: 0.000 ok
0	11:08:41.605	STR01_USDJPY_H1 USDJPY,H1: [OrderModify Error] : 0 no error
2	11:08:41.901	STR01_USDJPY_H1 USDJPY,H1: modify #68529140 buy 1.00 USDJPY at 138.513 sl: 138.518 tp: 0.000 ok
0	11:08:41.901	STR01_USDJPY_H1 USDJPY,H1: [OrderModify Error] : 0 no error
2	11:08:42.198	STR01_USDJPY_H1 USDJPY,H1: modify #68529140 buy 1.00 USDJPY at 138.513 sl: 138.523 tp: 0.000 ok
0	11:08:42.198	STR01_USDJPY_H1 USDJPY,H1: [OrderModify Error] : 0 no error
2	11:08:50.000	STR01_USDJPY_H1 USDJPY,H1: modify #68529140 buy 1.00 USDJPY at 138.513 sl: 138.525 tp: 0.000 ok
0	11:08:50.000	STR01_USDJPY_H1 USDJPY,H1: [OrderModify Error] : 0 no error
2	11:08:52.844	STR01_USDJPY_H1 USDJPY,H1: modify #68529140 buy 1.00 USDJPY at 138.513 sl: 138.529 tp: 0.000 ok
0	11:08:52.844	STR01_USDJPY_H1 USDJPY,H1: [OrderModify Error] : 0 no error
2	11:08:53.125	STR01_USDJPY_H1 USDJPY,H1: modify #68529140 buy 1.00 USDJPY at 138.513 sl: 138.531 tp: 0.000 ok
0	11:08:53.125	STR01_USDJPY_H1 USDJPY,H1: [OrderModify Error] : 0 no error
2	11:08:53.922	STR01_USDJPY_H1 USDJPY,H1: modify #68529140 buy 1.00 USDJPY at 138.513 sl: 138.532 tp: 0.000 ok
0	11:08:53.922	STR01_USDJPY_H1 USDJPY,H1: [OrderModify Error] : 0 no error
2	11:09:06.456	STR01_USDJPY_H1 USDJPY,H1: modify #68529140 buy 1.00 USDJPY at 138.513 sl: 138.533 tp: 0.000 ok
0	11:09:06.456	STR01_USDJPY_H1 USDJPY,H1: [OrderModify Error] : 0 no error
2	11:09:08.924	STR01_USDJPY_H1 USDJPY,H1: modify #68529140 buy 1.00 USDJPY at 138.513 sl: 138.534 tp: 0.000 ok
0	11:09:08.924	STR01_USDJPY_H1 USDJPY,H1: [OrderModify Error] : 0 no error
2	11:09:13.722	STR01_USDJPY_H1 USDJPY,H1: modify #68529140 buy 1.00 USDJPY at 138.513 sl: 138.535 tp: 0.000 ok
0	11:09:13.722	STR01_USDJPY_H1 USDJPY,H1: [OrderModify Error] : 0 no error
2	11:09:14.098	STR01_USDJPY_H1 USDJPY,H1: modify #68529140 buy 1.00 USDJPY at 138.513 sl: 138.542 tp: 0.000 ok
0	11:09:14.098	STR01_USDJPY_H1 USDJPY,H1: [OrderModify Error] : 0 no error
2	11:09:14.786	STR01_USDJPY_H1 USDJPY,H1: modify #68529140 buy 1.00 USDJPY at 138.513 sl: 138.543 tp: 0.000 ok
0	11:09:14.786	STR01_USDJPY_H1 USDJPY,H1: [OrderModify Error] : 0 no error
2	11:09:15.116	STR01_USDJPY_H1 USDJPY,H1: modify #68529140 buy 1.00 USDJPY at 138.513 sl: 138.544 tp: 0.000 ok
0	11:09:15.116	STR01_USDJPY_H1 USDJPY,H1: [OrderModify Error] : 0 no error
2	11:09:18.825	STR01_USDJPY_H1 USDJPY,H1: modify #68529140 buy 1.00 USDJPY at 138.513 sl: 138.548 tp: 0.000 ok
0	11:09:18.825	STR01_USDJPY_H1 USDJPY,H1: [OrderModify Error] : 0 no error
2	11:09:19.106	STR01_USDJPY_H1 USDJPY,H1: modify #68529140 buy 1.00 USDJPY at 138.513 sl: 138.552 tp: 0.000 ok
0	11:09:19.106	STR01_USDJPY_H1 USDJPY,H1: [OrderModify Error] : 0 no error
2	11:09:19.449	STR01_USDJPY_H1 USDJPY,H1: modify #68529140 buy 1.00 USDJPY at 138.513 sl: 138.554 tp: 0.000 ok
0	11:09:19.449	STR01_USDJPY_H1 USDJPY,H1: [OrderModify Error] : 0 no error
2	11:09:19.887	STR01_USDJPY_H1 USDJPY,H1: modify #68529140 buy 1.00 USDJPY at 138.513 sl: 138.556 tp: 0.000 ok
0	11:09:19.887	STR01_USDJPY_H1 USDJPY,H1: [OrderModify Error] : 0 no error
2	11:09:21.106	STR01_USDJPY_H1 USDJPY,H1: modify #68529140 buy 1.00 USDJPY at 138.513 sl: 138.558 tp: 0.000 ok
0	11:09:21.106	STR01_USDJPY_H1 USDJPY,H1: [OrderModify Error] : 0 no error
2	11:09:23.982	STR01_USDJPY_H1 USDJPY,H1: modify #68529140 buy 1.00 USDJPY at 138.513 sl: 138.560 tp: 0.000 ok
0	11:09:23.982	STR01_USDJPY_H1 USDJPY,H1: [OrderModify Error] : 0 no error
2	11:11:05.845	STR01_USDJPY_H1 USDJPY,H1: modify #68529140 buy 1.00 USDJPY at 138.513 sl: 138.561 tp: 0.000 ok
0	11:11:05.845	STR01_USDJPY_H1 USDJPY,H1: [OrderModify Error] : 0 no error
2	11:11:06.486	STR01_USDJPY_H1 USDJPY,H1: modify #68529140 buy 1.00 USDJPY at 138.513 sl: 138.564 tp: 0.000 ok
0	11:11:06.486	STR01_USDJPY_H1 USDJPY,H1: [OrderModify Error] : 0 no error
2	11:11:25.492	STR01_USDJPY_H1 USDJPY,H1: modify #68529140 buy 1.00 USDJPY at 138.513 sl: 138.567 tp: 0.000 ok
0	11:11:25.492	STR01_USDJPY_H1 USDJPY,H1: [OrderModify Error] : 0 no error
2	11:11:25.789	STR01_USDJPY_H1 USDJPY,H1: modify #68529140 buy 1.00 USDJPY at 138.513 sl: 138.568 tp: 0.000 ok
0	11:11:25.789	STR01_USDJPY_H1 USDJPY,H1: [OrderModify Error] : 0 no error
2	11:11:27.039	STR01_USDJPY_H1 USDJPY,H1: modify #68529140 buy 1.00 USDJPY at 138.513 sl: 138.569 tp: 0.000 ok
0	11:11:27.039	STR01_USDJPY_H1 USDJPY,H1: [OrderModify Error] : 0 no error
2	11:11:27.586	STR01_USDJPY_H1 USDJPY,H1: modify #68529140 buy 1.00 USDJPY at 138.513 sl: 138.570 tp: 0.000 ok
0	11:11:27.586	STR01_USDJPY_H1 USDJPY,H1: [OrderModify Error] : 0 no error
2	11:11:29.008	STR01_USDJPY_H1 USDJPY,H1: modify #68529140 buy 1.00 USDJPY at 138.513 sl: 138.572 tp: 0.000 ok
0	11:11:29.008	STR01_USDJPY_H1 USDJPY,H1: [OrderModify Error] : 0 no error
2	11:11:29.305	STR01_USDJPY_H1 USDJPY,H1: modify #68529140 buy 1.00 USDJPY at 138.513 sl: 138.594 tp: 0.000 ok
0	11:11:29.305	STR01_USDJPY_H1 USDJPY,H1: [OrderModify Error] : 0 no error
2	11:11:29.633	STR01_USDJPY_H1 USDJPY,H1: modify #68529140 buy 1.00 USDJPY at 138.513 sl: 138.595 tp: 0.000 ok
0	11:11:29.633	STR01_USDJPY_H1 USDJPY,H1: [OrderModify Error] : 0 no error
2	11:11:34.604	STR01_USDJPY_H1 USDJPY,H1: modify #68529140 buy 1.00 USDJPY at 138.513 sl: 138.596 tp: 0.000 ok
0	11:11:34.604	STR01_USDJPY_H1 USDJPY,H1: [OrderModify Error] : 0 no error
2	11:11:35.151	STR01_USDJPY_H1 USDJPY,H1: modify #68529140 buy 1.00 USDJPY at 138.513 sl: 138.597 tp: 0.000 ok
0	11:11:35.151	STR01_USDJPY_H1 USDJPY,H1: [OrderModify Error] : 0 no error
2	11:11:39.422	STR01_USDJPY_H1 USDJPY,H1: modify #68529140 buy 1.00 USDJPY at 138.513 sl: 138.598 tp: 0.000 ok
0	11:11:39.422	STR01_USDJPY_H1 USDJPY,H1: [OrderModify Error] : 0 no error
2	11:11:39.735	STR01_USDJPY_H1 USDJPY,H1: modify #68529140 buy 1.00 USDJPY at 138.513 sl: 138.601 tp: 0.000 ok
0	11:11:39.735	STR01_USDJPY_H1 USDJPY,H1: [OrderModify Error] : 0 no error
2	11:11:40.032	STR01_USDJPY_H1 USDJPY,H1: modify #68529140 buy 1.00 USDJPY at 138.513 sl: 138.602 tp: 0.000 ok
0	11:11:40.032	STR01_USDJPY_H1 USDJPY,H1: [OrderModify Error] : 0 no error
2	11:11:41.314	STR01_USDJPY_H1 USDJPY,H1: modify #68529140 buy 1.00 USDJPY at 138.513 sl: 138.603 tp: 0.000 ok
0	11:11:41.314	STR01_USDJPY_H1 USDJPY,H1: [OrderModify Error] : 0 no error
2	11:12:03.323	STR01_USDJPY_H1 USDJPY,H1: modify #68529140 buy 1.00 USDJPY at 138.513 sl: 138.606 tp: 0.000 ok
0	11:12:03.323	STR01_USDJPY_H1 USDJPY,H1: [OrderModify Error] : 0 no error
2	14:00:01.152	STR01_USDJPY_H1 USDJPY,H1: open #68533773 buy 1.00 USDJPY at 138.868 sl: 138.164 ok
2	14:02:16.965	STR01_USDJPY_H1 USDJPY,H1: modify #68533773 buy 1.00 USDJPY at 138.868 sl: 138.871 tp: 0.000 ok
0	14:02:16.965	STR01_USDJPY_H1 USDJPY,H1: [OrderModify Error] : 0 no error
2	14:02:17.212	STR01_USDJPY_H1 USDJPY,H1: modify #68533773 buy 1.00 USDJPY at 138.868 sl: 138.879 tp: 0.000 ok
0	14:02:17.212	STR01_USDJPY_H1 USDJPY,H1: [OrderModify Error] : 0 no error
2	14:02:22.915	STR01_USDJPY_H1 USDJPY,H1: modify #68533773 buy 1.00 USDJPY at 138.868 sl: 138.880 tp: 0.000 ok
0	14:02:22.915	STR01_USDJPY_H1 USDJPY,H1: [OrderModify Error] : 0 no error
2	14:02:23.681	STR01_USDJPY_H1 USDJPY,H1: modify #68533773 buy 1.00 USDJPY at 138.868 sl: 138.881 tp: 0.000 ok
0	14:02:23.681	STR01_USDJPY_H1 USDJPY,H1: [OrderModify Error] : 0 no error
2	14:02:23.993	STR01_USDJPY_H1 USDJPY,H1: modify #68533773 buy 1.00 USDJPY at 138.868 sl: 138.882 tp: 0.000 ok
0	14:02:23.993	STR01_USDJPY_H1 USDJPY,H1: [OrderModify Error] : 0 no error
2	14:02:25.243	STR01_USDJPY_H1 USDJPY,H1: modify #68533773 buy 1.00 USDJPY at 138.868 sl: 138.883 tp: 0.000 ok
0	14:02:25.243	STR01_USDJPY_H1 USDJPY,H1: [OrderModify Error] : 0 no error
2	14:02:27.447	STR01_USDJPY_H1 USDJPY,H1: modify #68533773 buy 1.00 USDJPY at 138.868 sl: 138.885 tp: 0.000 ok
0	14:02:27.447	STR01_USDJPY_H1 USDJPY,H1: [OrderModify Error] : 0 no error
2	14:02:27.698	STR01_USDJPY_H1 USDJPY,H1: modify #68533773 buy 1.00 USDJPY at 138.868 sl: 138.887 tp: 0.000 ok
0	14:02:27.698	STR01_USDJPY_H1 USDJPY,H1: [OrderModify Error] : 0 no error
2	14:02:27.980	STR01_USDJPY_H1 USDJPY,H1: modify #68533773 buy 1.00 USDJPY at 138.868 sl: 138.888 tp: 0.000 ok
0	14:02:27.980	STR01_USDJPY_H1 USDJPY,H1: [OrderModify Error] : 0 no error
2	14:02:28.260	STR01_USDJPY_H1 USDJPY,H1: modify #68533773 buy 1.00 USDJPY at 138.868 sl: 138.891 tp: 0.000 ok
0	14:02:28.260	STR01_USDJPY_H1 USDJPY,H1: [OrderModify Error] : 0 no error
2	14:02:30.839	STR01_USDJPY_H1 USDJPY,H1: modify #68533773 buy 1.00 USDJPY at 138.868 sl: 138.893 tp: 0.000 ok
0	14:02:30.839	STR01_USDJPY_H1 USDJPY,H1: [OrderModify Error] : 0 no error
2	14:02:42.468	STR01_USDJPY_H1 USDJPY,H1: modify #68533773 buy 1.00 USDJPY at 138.868 sl: 138.894 tp: 0.000 ok
0	14:02:42.468	STR01_USDJPY_H1 USDJPY,H1: [OrderModify Error] : 0 no error
2	14:03:48.951	STR01_USDJPY_H1 USDJPY,H1: modify #68533773 buy 1.00 USDJPY at 138.868 sl: 138.895 tp: 0.000 ok
0	14:03:48.951	STR01_USDJPY_H1 USDJPY,H1: [OrderModify Error] : 0 no error
2	14:03:53.108	STR01_USDJPY_H1 USDJPY,H1: modify #68533773 buy 1.00 USDJPY at 138.868 sl: 138.896 tp: 0.000 ok
0	14:03:53.108	STR01_USDJPY_H1 USDJPY,H1: [OrderModify Error] : 0 no error
2	14:03:53.358	STR01_USDJPY_H1 USDJPY,H1: modify #68533773 buy 1.00 USDJPY at 138.868 sl: 138.898 tp: 0.000 ok
0	14:03:53.358	STR01_USDJPY_H1 USDJPY,H1: [OrderModify Error] : 0 no error
2	14:03:53.612	STR01_USDJPY_H1 USDJPY,H1: modify #68533773 buy 1.00 USDJPY at 138.868 sl: 138.900 tp: 0.000 ok
0	14:03:53.612	STR01_USDJPY_H1 USDJPY,H1: [OrderModify Error] : 0 no error
2	14:03:53.813	STR01_USDJPY_H1 USDJPY,H1: modify #68533773 buy 1.00 USDJPY at 138.868 sl: 138.902 tp: 0.000 ok
0	14:03:53.813	STR01_USDJPY_H1 USDJPY,H1: [OrderModify Error] : 0 no error
2	14:04:00.954	STR01_USDJPY_H1 USDJPY,H1: modify #68533773 buy 1.00 USDJPY at 138.868 sl: 138.903 tp: 0.000 ok
0	14:04:00.954	STR01_USDJPY_H1 USDJPY,H1: [OrderModify Error] : 0 no error
2	14:04:01.267	STR01_USDJPY_H1 USDJPY,H1: modify #68533773 buy 1.00 USDJPY at 138.868 sl: 138.904 tp: 0.000 ok
0	14:04:01.267	STR01_USDJPY_H1 USDJPY,H1: [OrderModify Error] : 0 no error
2	14:04:01.564	STR01_USDJPY_H1 USDJPY,H1: modify #68533773 buy 1.00 USDJPY at 138.868 sl: 138.908 tp: 0.000 ok
0	14:04:01.564	STR01_USDJPY_H1 USDJPY,H1: [OrderModify Error] : 0 no error
2	14:04:03.631	STR01_USDJPY_H1 USDJPY,H1: modify #68533773 buy 1.00 USDJPY at 138.868 sl: 138.909 tp: 0.000 ok
0	14:04:03.631	STR01_USDJPY_H1 USDJPY,H1: [OrderModify Error] : 0 no error
2	14:04:03.928	STR01_USDJPY_H1 USDJPY,H1: modify #68533773 buy 1.00 USDJPY at 138.868 sl: 138.910 tp: 0.000 ok
0	14:04:03.928	STR01_USDJPY_H1 USDJPY,H1: [OrderModify Error] : 0 no error
2	14:04:05.225	STR01_USDJPY_H1 USDJPY,H1: modify #68533773 buy 1.00 USDJPY at 138.868 sl: 138.911 tp: 0.000 ok
0	14:04:05.225	STR01_USDJPY_H1 USDJPY,H1: [OrderModify Error] : 0 no error
2	14:04:06.537	STR01_USDJPY_H1 USDJPY,H1: modify #68533773 buy 1.00 USDJPY at 138.868 sl: 138.912 tp: 0.000 ok
0	14:04:06.537	STR01_USDJPY_H1 USDJPY,H1: [OrderModify Error] : 0 no error
2	14:05:02.911	STR01_USDJPY_H1 USDJPY,H1: modify #68533773 buy 1.00 USDJPY at 138.868 sl: 138.913 tp: 0.000 ok
0	14:05:02.911	STR01_USDJPY_H1 USDJPY,H1: [OrderModify Error] : 0 no error
2	14:05:03.395	STR01_USDJPY_H1 USDJPY,H1: modify #68533773 buy 1.00 USDJPY at 138.868 sl: 138.914 tp: 0.000 ok
0	14:05:03.395	STR01_USDJPY_H1 USDJPY,H1: [OrderModify Error] : 0 no error
2	14:05:03.692	STR01_USDJPY_H1 USDJPY,H1: modify #68533773 buy 1.00 USDJPY at 138.868 sl: 138.917 tp: 0.000 ok
0	14:05:03.692	STR01_USDJPY_H1 USDJPY,H1: [OrderModify Error] : 0 no error
2	14:05:03.958	STR01_USDJPY_H1 USDJPY,H1: modify #68533773 buy 1.00 USDJPY at 138.868 sl: 138.919 tp: 0.000 ok
0	14:05:03.958	STR01_USDJPY_H1 USDJPY,H1: [OrderModify Error] : 0 no error
2	14:05:04.427	STR01_USDJPY_H1 USDJPY,H1: modify #68533773 buy 1.00 USDJPY at 138.868 sl: 138.920 tp: 0.000 ok
0	14:05:04.427	STR01_USDJPY_H1 USDJPY,H1: [OrderModify Error] : 0 no error
2	14:05:05.552	STR01_USDJPY_H1 USDJPY,H1: modify #68533773 buy 1.00 USDJPY at 138.868 sl: 138.922 tp: 0.000 ok
0	14:05:05.552	STR01_USDJPY_H1 USDJPY,H1: [OrderModify Error] : 0 no error
2	14:05:18.743	STR01_USDJPY_H1 USDJPY,H1: modify #68533773 buy 1.00 USDJPY at 138.868 sl: 138.924 tp: 0.000 ok
0	14:05:18.743	STR01_USDJPY_H1 USDJPY,H1: [OrderModify Error] : 0 no error
2	14:05:19.056	STR01_USDJPY_H1 USDJPY,H1: modify #68533773 buy 1.00 USDJPY at 138.868 sl: 138.925 tp: 0.000 ok
0	14:05:19.056	STR01_USDJPY_H1 USDJPY,H1: [OrderModify Error] : 0 no error
2	14:05:38.557	STR01_USDJPY_H1 USDJPY,H1: modify #68533773 buy 1.00 USDJPY at 138.868 sl: 138.926 tp: 0.000 ok
0	14:05:38.557	STR01_USDJPY_H1 USDJPY,H1: [OrderModify Error] : 0 no error
2	14:05:47.503	STR01_USDJPY_H1 USDJPY,H1: modify #68533773 buy 1.00 USDJPY at 138.868 sl: 138.930 tp: 0.000 ok
0	14:05:47.503	STR01_USDJPY_H1 USDJPY,H1: [OrderModify Error] : 0 no error
2	14:05:54.244	STR01_USDJPY_H1 USDJPY,H1: modify #68533773 buy 1.00 USDJPY at 138.868 sl: 138.931 tp: 0.000 ok
0	14:05:54.244	STR01_USDJPY_H1 USDJPY,H1: [OrderModify Error] : 0 no error
2	14:05:58.922	STR01_USDJPY_H1 USDJPY,H1: modify #68533773 buy 1.00 USDJPY at 138.868 sl: 138.932 tp: 0.000 ok
0	14:05:58.922	STR01_USDJPY_H1 USDJPY,H1: [OrderModify Error] : 0 no error
2	14:07:48.099	STR01_USDJPY_H1 USDJPY,H1: modify #68533773 buy 1.00 USDJPY at 138.868 sl: 138.933 tp: 0.000 ok
0	14:07:48.099	STR01_USDJPY_H1 USDJPY,H1: [OrderModify Error] : 0 no error
2	14:07:51.334	STR01_USDJPY_H1 USDJPY,H1: modify #68533773 buy 1.00 USDJPY at 138.868 sl: 138.934 tp: 0.000 ok
0	14:07:51.334	STR01_USDJPY_H1 USDJPY,H1: [OrderModify Error] : 0 no error
2	14:07:51.695	STR01_USDJPY_H1 USDJPY,H1: modify #68533773 buy 1.00 USDJPY at 138.868 sl: 138.935 tp: 0.000 ok
0	14:07:51.695	STR01_USDJPY_H1 USDJPY,H1: [OrderModify Error] : 0 no error
2	14:07:54.305	STR01_USDJPY_H1 USDJPY,H1: modify #68533773 buy 1.00 USDJPY at 138.868 sl: 138.939 tp: 0.000 ok
0	14:07:54.305	STR01_USDJPY_H1 USDJPY,H1: [OrderModify Error] : 0 no error
2	14:08:57.943	STR01_USDJPY_H1 USDJPY,H1: modify #68533773 buy 1.00 USDJPY at 138.868 sl: 138.941 tp: 0.000 ok
0	14:08:57.943	STR01_USDJPY_H1 USDJPY,H1: [OrderModify Error] : 0 no error
2	14:08:58.194	STR01_USDJPY_H1 USDJPY,H1: modify #68533773 buy 1.00 USDJPY at 138.868 sl: 138.942 tp: 0.000 ok
0	14:08:58.194	STR01_USDJPY_H1 USDJPY,H1: [OrderModify Error] : 0 no error
2	14:08:58.460	STR01_USDJPY_H1 USDJPY,H1: modify #68533773 buy 1.00 USDJPY at 138.868 sl: 138.944 tp: 0.000 ok
0	14:08:58.460	STR01_USDJPY_H1 USDJPY,H1: [OrderModify Error] : 0 no error
2	14:09:13.293	STR01_USDJPY_H1 USDJPY,H1: modify #68533773 buy 1.00 USDJPY at 138.868 sl: 138.945 tp: 0.000 ok
0	14:09:13.293	STR01_USDJPY_H1 USDJPY,H1: [OrderModify Error] : 0 no error
2	14:09:13.637	STR01_USDJPY_H1 USDJPY,H1: modify #68533773 buy 1.00 USDJPY at 138.868 sl: 138.946 tp: 0.000 ok
0	14:09:13.637	STR01_USDJPY_H1 USDJPY,H1: [OrderModify Error] : 0 no error
2	14:09:18.294	STR01_USDJPY_H1 USDJPY,H1: modify #68533773 buy 1.00 USDJPY at 138.868 sl: 138.947 tp: 0.000 ok
0	14:09:18.294	STR01_USDJPY_H1 USDJPY,H1: [OrderModify Error] : 0 no error
2	14:09:18.669	STR01_USDJPY_H1 USDJPY,H1: modify #68533773 buy 1.00 USDJPY at 138.868 sl: 138.948 tp: 0.000 ok
0	14:09:18.669	STR01_USDJPY_H1 USDJPY,H1: [OrderModify Error] : 0 no error
2	14:09:19.795	STR01_USDJPY_H1 USDJPY,H1: modify #68533773 buy 1.00 USDJPY at 138.868 sl: 138.949 tp: 0.000 ok
0	14:09:19.795	STR01_USDJPY_H1 USDJPY,H1: [OrderModify Error] : 0 no error
2	14:10:33.097	STR01_USDJPY_H1 USDJPY,H1: modify #68533773 buy 1.00 USDJPY at 138.868 sl: 138.950 tp: 0.000 ok
0	14:10:33.097	STR01_USDJPY_H1 USDJPY,H1: [OrderModify Error] : 0 no error
